CCC   CI  HHZ  35 31.4970N117 21.8718W 670
CCC   CI  HHE  35 31.4970N117 21.8718W 670
CCC   CI  HHN  35 31.4970N117 21.8718W 670
CA01  GS  HHE  35 39.9072N117 25.4208W 570
CA01  GS  HHN  35 39.9072N117 25.4208W 570
CA01  GS  HHZ  35 39.9072N117 25.4208W 570
CA03  GS  HHE  35 37.3224N117 34.1466W 762
CA03  GS  HHN  35 37.3224N117 34.1466W 762
CA03  GS  HHZ  35 37.3224N117 34.1466W 762
CA04  GS  HHE  35 28.6998N117 33.6120W1005
CA04  GS  HHN  35 28.6998N117 33.6120W1005
CA04  GS  HHZ  35 28.6998N117 33.6120W1005
CA05  GS  HHE  35 35.3556N117 17.2134W 612
CA05  GS  HHN  35 35.3556N117 17.2134W 612
CA05  GS  HHZ  35 35.3556N117 17.2134W 612
CA06  GS  HHE  35 35.9772N117 29.5608W 796
CA06  GS  HHN  35 35.9772N117 29.5608W 796
CA06  GS  HHZ  35 35.9772N117 29.5608W 796
B917  PB  HHZ  35 24.3180N117 15.5280W1192
B917  PB  HHE  35 24.3180N117 15.5280W1192
B917  PB  HHN  35 24.3180N117 15.5280W1192
B921  PB  HHZ  35 35.1900N117 27.7320W 694
B921  PB  HHE  35 35.1900N117 27.7320W 694
B921  PB  HHN  35 35.1900N117 27.7320W 694
SV01  ZY  HHZ  35 38.7300N117 28.6560W 602
SV01  ZY  HHE  35 38.7300N117 28.6560W 602
SV01  ZY  HHN  35 38.7300N117 28.6560W 602
SV06  ZY  HHZ  35 36.0720N117 22.8660W 597
SV06  ZY  HHE  35 36.0720N117 22.8660W 597
SV06  ZY  HHN  35 36.0720N117 22.8660W 597
SV08  ZY  HHZ  35 34.5660N117 25.1220W 604
SV08  ZY  HHE  35 34.5660N117 25.1220W 604
SV08  ZY  HHN  35 34.5660N117 25.1220W 604
R55   3J  HHE  35 38.2684N117 22.5389W 509
R55   3J  HHN  35 38.2684N117 22.5389W 509
R55   3J  HHZ  35 38.2684N117 22.5389W 509
R56   3J  HHE  35 38.2290N117 17.2636W 510
R56   3J  HHN  35 38.2290N117 17.2636W 510
R56   3J  HHZ  35 38.2290N117 17.2636W 510
R64   3J  HHE  35 32.6432N117 28.9697W 673
R64   3J  HHN  35 32.6432N117 28.9697W 673
R64   3J  HHZ  35 32.6432N117 28.9697W 673
R73B  3J  HHE  35 28.2046N117 35.4583W1042
R73B  3J  HHN  35 28.2046N117 35.4583W1042
R73B  3J  HHZ  35 28.2046N117 35.4583W1042
R74   3J  HHE  35 27.8947N117 30.3790W 880
R74   3J  HHN  35 27.8947N117 30.3790W 880
R74   3J  HHZ  35 27.8947N117 30.3790W 880
RCS10 7Q  HHE  35 29.1720N117 29.4300W 774
RCS10 7Q  HHN  35 29.1720N117 29.4300W 774
RCS10 7Q  HHZ  35 29.1720N117 29.4300W 774
RCW21 7Q  HHZ  35 32.3700N117 34.6740W 918
RCW21 7Q  HHE  35 32.3700N117 34.6740W 918
RCW21 7Q  HHN  35 32.3700N117 34.6740W 918
RCW22 7Q  HHZ  35 33.4200N117 27.8400W 678
RCW22 7Q  HHE  35 33.4200N117 27.8400W 678
RCW22 7Q  HHN  35 33.4200N117 27.8400W 678
RCW24 7Q  HHZ  35 25.7160N117 34.9020W1006
RCW24 7Q  HHE  35 25.7160N117 34.9020W1006
RCW24 7Q  HHN  35 25.7160N117 34.9020W1006
